{
  "stats": {
    "suites": 3,
    "tests": 3,
    "passes": 3,
    "pending": 0,
    "failures": 0,
    "start": "2024-04-12T09:48:15.586Z",
    "end": "2024-04-12T09:48:16.475Z",
    "duration": 889,
    "testsRegistered": 3,
    "passPercent": 100,
    "pendingPercent": 0,
    "other": 0,
    "hasOther": false,
    "skipped": 0,
    "hasSkipped": false
  },
  "results": [
    {
      "uuid": "0e97f709-6615-43d1-923a-404ec0520472",
      "title": "",
      "fullFile": "",
      "file": "",
      "beforeHooks": [],
      "afterHooks": [],
      "tests": [],
      "suites": [
        {
          "uuid": "a9bc19a1-947a-467d-8807-eaf4168ff709",
          "title": "TST-1000 API Authorization Tests",
          "fullFile": "C:\\graphql-api-testframework\\test\\graphql.test.js",
          "file": "\\test\\graphql.test.js",
          "beforeHooks": [],
          "afterHooks": [],
          "tests": [
            {
              "title": "TST-1001 A Invalid API Key",
              "fullTitle": "TST-1000 API Authorization Tests TST-1001 A Invalid API Key",
              "timedOut": false,
              "duration": 649,
              "state": "passed",
              "speed": "slow",
              "pass": true,
              "fail": false,
              "pending": false,
              "context": null,
              "code": "// Test to verify authorization fails with an invalid API key (Test is meant to fail because im passing incorrect apiKey)\n    const query = gql`\n      {\n        ethereum {\n          transactions {\n            count(success: false)\n          }\n        }\n      }\n    `;\n    try {\n      const response = await axios.post(apiURL, { query }, {\n        headers: {\n          'X-API-KEY': apiKey, // set auth key as invalid string\n          'Authorization': authorizationHeader,\n          'Content-Type': 'application/json',\n        },\n      });\n      // Extract and print status and status text to the console\n      console.log('Response status:', response.status);\n      console.log('Response status text:', response.statusText);\n      // Assert when status code is not 200 (auth request failed)\n      expect(response.status).equal(200);\n    } catch (error) {\n      // If the error has a response object\n      if (error.response) {\n        // Print status and status text to the console\n        console.error('Error message:', error.message);\n        console.log('Response status:', error.response.status);\n        console.log('Response status text:', error.response.statusText);\n      }\n      throw error; // Rethrow the error to indicate test failure\n    }",
              "err": {},
              "uuid": "d0375f06-f652-4adb-a34f-e5a2e1c14c48",
              "parentUUID": "a9bc19a1-947a-467d-8807-eaf4168ff709",
              "isHook": false,
              "skipped": false
            }
          ],
          "suites": [],
          "passes": [
            "d0375f06-f652-4adb-a34f-e5a2e1c14c48"
          ],
          "failures": [],
          "pending": [],
          "skipped": [],
          "duration": 649,
          "root": false,
          "rootEmpty": false,
          "_timeout": 2000
        },
        {
          "uuid": "2d2fda77-ad67-486b-836b-646474c40bb3",
          "title": "TST-1100 Endpoint Response Model Schema Tests",
          "fullFile": "C:\\graphql-api-testframework\\test\\graphql.test.js",
          "file": "\\test\\graphql.test.js",
          "beforeHooks": [],
          "afterHooks": [],
          "tests": [
            {
              "title": "TST-1101 EMS Verify ETH transactions response model schema",
              "fullTitle": "TST-1100 Endpoint Response Model Schema Tests TST-1101 EMS Verify ETH transactions response model schema",
              "timedOut": false,
              "duration": 117,
              "state": "passed",
              "speed": "slow",
              "pass": true,
              "fail": false,
              "pending": false,
              "context": null,
              "code": "// Test to verify the model schema of the Ethereum transactions response\n    const query = gql`\n      {\n         ethereum {\n             transactions {\n               count(success: false)\n             }\n           }\n      }\n    `;\n    try {\n      const data = await request(apiURL, query, null, {\n        'X-API-KEY': apiKey,\n        'Authorization': authorizationHeader,\n      });\n      console.log('Model schema:', JSON.stringify(data, null, 2));\n      // Assert that the data follows the expected model schema\n      expect(data).to.have.property('ethereum').to.be.an('object');\n      expect(data.ethereum).to.have.property('transactions').to.be.an('array');\n      expect(data.ethereum.transactions[0]).to.have.property('count').to.be.a('number');\n    } catch (error) {\n      console.error('Error:', JSON.stringify(error, null, 2));\n      throw error; // Rethrow the error to indicate test failure\n    }",
              "err": {},
              "uuid": "d4b2d745-dc58-4d7c-bfbe-0e1d41433cba",
              "parentUUID": "2d2fda77-ad67-486b-836b-646474c40bb3",
              "isHook": false,
              "skipped": false
            }
          ],
          "suites": [],
          "passes": [
            "d4b2d745-dc58-4d7c-bfbe-0e1d41433cba"
          ],
          "failures": [],
          "pending": [],
          "skipped": [],
          "duration": 117,
          "root": false,
          "rootEmpty": false,
          "_timeout": 2000
        },
        {
          "uuid": "d2db5a3d-e0f4-4d7d-bb34-3953c3748c28",
          "title": "TST-1200 Coin Data Retrieval Tests",
          "fullFile": "C:\\graphql-api-testframework\\test\\graphql.test.js",
          "file": "\\test\\graphql.test.js",
          "beforeHooks": [],
          "afterHooks": [],
          "tests": [
            {
              "title": "TST-1201 CD Verify positive count of ETH failed transactions",
              "fullTitle": "TST-1200 Coin Data Retrieval Tests TST-1201 CD Verify positive count of ETH failed transactions",
              "timedOut": false,
              "duration": 117,
              "state": "passed",
              "speed": "slow",
              "pass": true,
              "fail": false,
              "pending": false,
              "context": null,
              "code": "// Test to retrieve the count of failed Ethereum transactions\n    const query = gql`\n      {\n         ethereum {\n             transactions {\n               count(success: false)\n             }\n           }\n      }\n    `;\n    try {\n      const data = await request(apiURL, query, null, {\n        'X-API-KEY': apiKey,\n        'Authorization': authorizationHeader,\n      });\n      // Extract count value from the first transaction\n      const transactions = data.ethereum.transactions;\n      const count = transactions.length > 0 ? transactions[0].count : undefined;\n      console.log('ETH failed transactions count:', count);\n      // Assert that count is a number and is greater than 0\n      expect(count).to.exist;\n      expect(count).to.be.a('number');\n      expect(count).to.be.gte(0);\n    } catch (error) {\n      console.error('Error:', JSON.stringify(error, null, 2));\n      throw error; // Rethrow the error to indicate test failure\n    }",
              "err": {},
              "uuid": "afad792b-435e-4ac2-a4f3-40e673564995",
              "parentUUID": "d2db5a3d-e0f4-4d7d-bb34-3953c3748c28",
              "isHook": false,
              "skipped": false
            }
          ],
          "suites": [],
          "passes": [
            "afad792b-435e-4ac2-a4f3-40e673564995"
          ],
          "failures": [],
          "pending": [],
          "skipped": [],
          "duration": 117,
          "root": false,
          "rootEmpty": false,
          "_timeout": 2000
        }
      ],
      "passes": [],
      "failures": [],
      "pending": [],
      "skipped": [],
      "duration": 0,
      "root": true,
      "rootEmpty": true,
      "_timeout": 2000
    }
  ],
  "meta": {
    "mocha": {
      "version": "10.4.0"
    },
    "mochawesome": {
      "options": {
        "quiet": false,
        "reportFilename": "mochawesome",
        "saveHtml": true,
        "saveJson": true,
        "consoleReporter": "spec",
        "useInlineDiffs": false,
        "code": true
      },
      "version": "7.1.3"
    },
    "marge": {
      "options": null,
      "version": "6.2.0"
    }
  }
}